Determining if the include file pthread.h exists failed with the following output:
Change Dir: C:/универ/GITHUB/LABA6/out/build/x64-Debug/CMakeFiles/CMakeTmp

Run Build Command(s):C:/Program Files (x86)/Microsoft Visual Studio/2019/Community/Common7/IDE/CommonExtensions/Microsoft/CMake/Ninja/ninja.exe cmTC_178a8 && ninja: error: build.ninja:30: loading 'rules.ninja': ═х єфрхЄё  эрщЄш єърчрээ√щ Їрщы.

include rules.ninja
                   ^ near here



Determining if the clock_gettime exist failed with the following output:
Change Dir: C:/универ/GITHUB/LABA6/out/build/x64-Debug/CMakeFiles/CMakeTmp

Run Build Command(s):C:/Program Files (x86)/Microsoft Visual Studio/2019/Community/Common7/IDE/CommonExtensions/Microsoft/CMake/Ninja/ninja.exe cmTC_4a528 && [1/2] Building CXX object CMakeFiles\cmTC_4a528.dir\CheckSymbolExists.cxx.obj
FAILED: CMakeFiles/cmTC_4a528.dir/CheckSymbolExists.cxx.obj 
C:\PROGRA~2\MICROS~4\2019\COMMUN~1\VC\Tools\MSVC\1423~1.281\bin\HostX64\x64\cl.exe  /nologo /TP   /DWIN32 /D_WINDOWS /W3 /GR /EHsc  /MDd /Zi /Ob0 /Od /RTC1 /showIncludes /FoCMakeFiles\cmTC_4a528.dir\CheckSymbolExists.cxx.obj /FdCMakeFiles\cmTC_4a528.dir\ /FS -c CheckSymbolExists.cxx
Примечание: включение файла:  C:\Program Files (x86)\Windows Kits\10\include\10.0.18362.0\ucrt\time.h
Примечание: включение файла:   C:\Program Files (x86)\Windows Kits\10\include\10.0.18362.0\ucrt\corecrt.h
Примечание: включение файла:    C:\Program Files (x86)\Microsoft Visual Studio\2019\Community\VC\Tools\MSVC\14.23.28105\include\vcruntime.h
Примечание: включение файла:     C:\Program Files (x86)\Microsoft Visual Studio\2019\Community\VC\Tools\MSVC\14.23.28105\include\sal.h
Примечание: включение файла:      C:\Program Files (x86)\Microsoft Visual Studio\2019\Community\VC\Tools\MSVC\14.23.28105\include\concurrencysal.h
Примечание: включение файла:     C:\Program Files (x86)\Microsoft Visual Studio\2019\Community\VC\Tools\MSVC\14.23.28105\include\vadefs.h
Примечание: включение файла:   C:\Program Files (x86)\Windows Kits\10\include\10.0.18362.0\ucrt\corecrt_wtime.h
CheckSymbolExists.cxx(8): error C2065: clock_gettime: необъявленный идентификатор
ninja: build stopped: subcommand failed.


File C:/универ/GITHUB/LABA6/out/build/x64-Debug/CMakeFiles/CMakeTmp/CheckSymbolExists.cxx:
/* */
#include <time.h>

int main(int argc, char** argv)
{
  (void)argv;
#ifndef clock_gettime
  return ((int*)(&clock_gettime))[argc];
#else
  (void)argc;
  return 0;
#endif
}

Determining if the function clock_gettime exists in the rt failed with the following output:
Change Dir: C:/универ/GITHUB/LABA6/out/build/x64-Debug/CMakeFiles/CMakeTmp

Run Build Command(s):C:/Program Files (x86)/Microsoft Visual Studio/2019/Community/Common7/IDE/CommonExtensions/Microsoft/CMake/Ninja/ninja.exe cmTC_33478 && [1/2] Building C object CMakeFiles\cmTC_33478.dir\CheckFunctionExists.c.obj
[2/2] Linking C executable cmTC_33478.exe
FAILED: cmTC_33478.exe 
cmd.exe /C "cd . && "C:\Program Files (x86)\Microsoft Visual Studio\2019\Community\Common7\IDE\CommonExtensions\Microsoft\CMake\CMake\bin\cmake.exe" -E vs_link_exe --intdir=CMakeFiles\cmTC_33478.dir --rc=C:\PROGRA~2\WI3CF2~1\10\bin\100183~1.0\x64\rc.exe --mt=C:\PROGRA~2\WI3CF2~1\10\bin\100183~1.0\x64\mt.exe --manifests  -- C:\PROGRA~2\MICROS~4\2019\COMMUN~1\VC\Tools\MSVC\1423~1.281\bin\Hostx64\x64\link.exe /nologo CMakeFiles\cmTC_33478.dir\CheckFunctionExists.c.obj  /out:cmTC_33478.exe /implib:cmTC_33478.lib /pdb:cmTC_33478.pdb /version:0.0  /machine:x64  /debug /INCREMENTAL /subsystem:console  rt.lib kernel32.lib user32.lib gdi32.lib winspool.lib shell32.lib ole32.lib oleaut32.lib uuid.lib comdlg32.lib advapi32.lib && cd ."
LINK Pass 1: command "C:\PROGRA~2\MICROS~4\2019\COMMUN~1\VC\Tools\MSVC\1423~1.281\bin\Hostx64\x64\link.exe /nologo CMakeFiles\cmTC_33478.dir\CheckFunctionExists.c.obj /out:cmTC_33478.exe /implib:cmTC_33478.lib /pdb:cmTC_33478.pdb /version:0.0 /machine:x64 /debug /INCREMENTAL /subsystem:console rt.lib kernel32.lib user32.lib gdi32.lib winspool.lib shell32.lib ole32.lib oleaut32.lib uuid.lib comdlg32.lib advapi32.lib /MANIFEST /MANIFESTFILE:CMakeFiles\cmTC_33478.dir/intermediate.manifest CMakeFiles\cmTC_33478.dir/manifest.res" failed (exit code 1104) with the following output:
LINK : fatal error LNK1104: эх єфрхЄё  юЄъЁ√Є№ Їрщы "rt.lib"
ninja: build stopped: subcommand failed.



